# JRE version: OpenJDK Runtime Environment Temurin-17.0.2+8 (17.0.2+8) (build 17.0.2+8)
# Java VM: OpenJDK 64-Bit Server VM Temurin-17.0.2+8 (17.0.2+8, mixed mode, tiered, compressed oops, compressed class ptrs, parallel gc, windows-amd64)
GC Precious Log:
 CPUs: 8 total, 8 available
 Memory: 32579M
 Large Page Support: Disabled
 NUMA Support: Disabled
 Compressed Oops: Enabled (32-bit)
 Alignments: Space 512K, Generation 512K, Heap 2M
 Heap Min Capacity: 100M
 Heap Initial Capacity: 100M
 Heap Max Capacity: 1G
 Pre-touch: Disabled
 Parallel Workers: 8
Heap:
 PSYoungGen      total 18944K, used 16609K [0x00000000eab00000, 0x00000000ec200000, 0x0000000100000000)
  eden space 17408K, 88% used [0x00000000eab00000,0x00000000eba16670,0x00000000ebc00000)
  from space 1536K, 75% used [0x00000000ec080000,0x00000000ec1a2018,0x00000000ec200000)
  to   space 2560K, 0% used [0x00000000ebd00000,0x00000000ebd00000,0x00000000ebf80000)
 ParOldGen       total 68608K, used 41118K [0x00000000c0000000, 0x00000000c4300000, 0x00000000eab00000)
  object space 68608K, 59% used [0x00000000c0000000,0x00000000c2827a68,0x00000000c4300000)
 Metaspace       used 60961K, committed 61824K, reserved 1105920K
  class space    used 6578K, committed 6976K, reserved 1048576K
GC Heap History (20 events):
Event: 28.916 GC heap before
{Heap before GC invocations=24 (full 2):
 PSYoungGen      total 22528K, used 22496K [0x00000000eab00000, 0x00000000ec600000, 0x0000000100000000)
  eden space 20480K, 100% used [0x00000000eab00000,0x00000000ebf00000,0x00000000ebf00000)
  from space 2048K, 98% used [0x00000000ebf00000,0x00000000ec0f8000,0x00000000ec100000)
  to   space 3584K, 0% used [0x00000000ec280000,0x00000000ec280000,0x00000000ec600000)
 ParOldGen       total 68608K, used 32244K [0x00000000c0000000, 0x00000000c4300000, 0x00000000eab00000)
  object space 68608K, 46% used [0x00000000c0000000,0x00000000c1f7d098,0x00000000c4300000)
 Metaspace       used 52109K, committed 52928K, reserved 1097728K
  class space    used 5713K, committed 6080K, reserved 1048576K
}
Event: 28.920 GC heap after
{Heap after GC invocations=24 (full 2):
 PSYoungGen      total 20992K, used 3582K [0x00000000eab00000, 0x00000000ecc00000, 0x0000000100000000)
  eden space 17408K, 0% used [0x00000000eab00000,0x00000000eab00000,0x00000000ebc00000)
  from space 3584K, 99% used [0x00000000ec280000,0x00000000ec5ff820,0x00000000ec600000)
  to   space 6656K, 0% used [0x00000000ebc00000,0x00000000ebc00000,0x00000000ec280000)
 ParOldGen       total 68608K, used 34244K [0x00000000c0000000, 0x00000000c4300000, 0x00000000eab00000)
  object space 68608K, 49% used [0x00000000c0000000,0x00000000c2171098,0x00000000c4300000)
 Metaspace       used 52109K, committed 52928K, reserved 1097728K
  class space    used 5713K, committed 6080K, reserved 1048576K
}
Event: 29.323 GC heap before
{Heap before GC invocations=25 (full 2):
 PSYoungGen      total 20992K, used 20990K [0x00000000eab00000, 0x00000000ecc00000, 0x0000000100000000)
  eden space 17408K, 100% used [0x00000000eab00000,0x00000000ebc00000,0x00000000ebc00000)
  from space 3584K, 99% used [0x00000000ec280000,0x00000000ec5ff820,0x00000000ec600000)
  to   space 6656K, 0% used [0x00000000ebc00000,0x00000000ebc00000,0x00000000ec280000)
 ParOldGen       total 68608K, used 34244K [0x00000000c0000000, 0x00000000c4300000, 0x00000000eab00000)
  object space 68608K, 49% used [0x00000000c0000000,0x00000000c2171098,0x00000000c4300000)
 Metaspace       used 53691K, committed 54528K, reserved 1105920K
  class space    used 5881K, committed 6272K, reserved 1048576K
}
Event: 29.326 GC heap after
{Heap after GC invocations=25 (full 2):
 PSYoungGen      total 18944K, used 1152K [0x00000000eab00000, 0x00000000ec300000, 0x0000000100000000)
  eden space 17408K, 0% used [0x00000000eab00000,0x00000000eab00000,0x00000000ebc00000)
  from space 1536K, 75% used [0x00000000ebc00000,0x00000000ebd20000,0x00000000ebd80000)
  to   space 3072K, 0% used [0x00000000ec000000,0x00000000ec000000,0x00000000ec300000)
 ParOldGen       total 68608K, used 37331K [0x00000000c0000000, 0x00000000c4300000, 0x00000000eab00000)
  object space 68608K, 54% used [0x00000000c0000000,0x00000000c2474f90,0x00000000c4300000)
 Metaspace       used 53691K, committed 54528K, reserved 1105920K
  class space    used 5881K, committed 6272K, reserved 1048576K
}
Event: 29.680 GC heap before
{Heap before GC invocations=26 (full 2):
 PSYoungGen      total 18944K, used 18560K [0x00000000eab00000, 0x00000000ec300000, 0x0000000100000000)
  eden space 17408K, 100% used [0x00000000eab00000,0x00000000ebc00000,0x00000000ebc00000)
  from space 1536K, 75% used [0x00000000ebc00000,0x00000000ebd20000,0x00000000ebd80000)
  to   space 3072K, 0% used [0x00000000ec000000,0x00000000ec000000,0x00000000ec300000)
 ParOldGen       total 68608K, used 37331K [0x00000000c0000000, 0x00000000c4300000, 0x00000000eab00000)
  object space 68608K, 54% used [0x00000000c0000000,0x00000000c2474f90,0x00000000c4300000)
 Metaspace       used 54311K, committed 55104K, reserved 1105920K
  class space    used 5933K, committed 6336K, reserved 1048576K
}
Event: 29.683 GC heap after
{Heap after GC invocations=26 (full 2):
 PSYoungGen      total 18944K, used 1228K [0x00000000eab00000, 0x00000000ec180000, 0x0000000100000000)
  eden space 17408K, 0% used [0x00000000eab00000,0x00000000eab00000,0x00000000ebc00000)
  from space 1536K, 79% used [0x00000000ec000000,0x00000000ec133178,0x00000000ec180000)
  to   space 1536K, 0% used [0x00000000ebc00000,0x00000000ebc00000,0x00000000ebd80000)
 ParOldGen       total 68608K, used 38295K [0x00000000c0000000, 0x00000000c4300000, 0x00000000eab00000)
  object space 68608K, 55% used [0x00000000c0000000,0x00000000c2565fa0,0x00000000c4300000)
 Metaspace       used 54311K, committed 55104K, reserved 1105920K
  class space    used 5933K, committed 6336K, reserved 1048576K
}
Event: 29.863 GC heap before
{Heap before GC invocations=27 (full 2):
 PSYoungGen      total 18944K, used 18636K [0x00000000eab00000, 0x00000000ec180000, 0x0000000100000000)
  eden space 17408K, 100% used [0x00000000eab00000,0x00000000ebc00000,0x00000000ebc00000)
  from space 1536K, 79% used [0x00000000ec000000,0x00000000ec133178,0x00000000ec180000)
  to   space 1536K, 0% used [0x00000000ebc00000,0x00000000ebc00000,0x00000000ebd80000)
 ParOldGen       total 68608K, used 38295K [0x00000000c0000000, 0x00000000c4300000, 0x00000000eab00000)
  object space 68608K, 55% used [0x00000000c0000000,0x00000000c2565fa0,0x00000000c4300000)
 Metaspace       used 54424K, committed 55232K, reserved 1105920K
  class space    used 5939K, committed 6336K, reserved 1048576K
}
Event: 29.865 GC heap after
{Heap after GC invocations=27 (full 2):
 PSYoungGen      total 18944K, used 864K [0x00000000eab00000, 0x00000000ec080000, 0x0000000100000000)
  eden space 17408K, 0% used [0x00000000eab00000,0x00000000eab00000,0x00000000ebc00000)
  from space 1536K, 56% used [0x00000000ebc00000,0x00000000ebcd8000,0x00000000ebd80000)
  to   space 1536K, 0% used [0x00000000ebf00000,0x00000000ebf00000,0x00000000ec080000)
 ParOldGen       total 68608K, used 39432K [0x00000000c0000000, 0x00000000c4300000, 0x00000000eab00000)
  object space 68608K, 57% used [0x00000000c0000000,0x00000000c26821d8,0x00000000c4300000)
 Metaspace       used 54424K, committed 55232K, reserved 1105920K
  class space    used 5939K, committed 6336K, reserved 1048576K
}
Event: 30.073 GC heap before
{Heap before GC invocations=28 (full 2):
 PSYoungGen      total 18944K, used 18272K [0x00000000eab00000, 0x00000000ec080000, 0x0000000100000000)
  eden space 17408K, 100% used [0x00000000eab00000,0x00000000ebc00000,0x00000000ebc00000)
  from space 1536K, 56% used [0x00000000ebc00000,0x00000000ebcd8000,0x00000000ebd80000)
  to   space 1536K, 0% used [0x00000000ebf00000,0x00000000ebf00000,0x00000000ec080000)
 ParOldGen       total 68608K, used 39432K [0x00000000c0000000, 0x00000000c4300000, 0x00000000eab00000)
  object space 68608K, 57% used [0x00000000c0000000,0x00000000c26821d8,0x00000000c4300000)
 Metaspace       used 55865K, committed 56640K, reserved 1105920K
  class space    used 6073K, committed 6464K, reserved 1048576K
}
Event: 30.074 GC heap after
{Heap after GC invocations=28 (full 2):
 PSYoungGen      total 18432K, used 656K [0x00000000eab00000, 0x00000000ec000000, 0x0000000100000000)
  eden space 17408K, 0% used [0x00000000eab00000,0x00000000eab00000,0x00000000ebc00000)
  from space 1024K, 64% used [0x00000000ebf00000,0x00000000ebfa4010,0x00000000ec000000)
  to   space 1024K, 0% used [0x00000000ebe00000,0x00000000ebe00000,0x00000000ebf00000)
 ParOldGen       total 68608K, used 40125K [0x00000000c0000000, 0x00000000c4300000, 0x00000000eab00000)
  object space 68608K, 58% used [0x00000000c0000000,0x00000000c272f530,0x00000000c4300000)
 Metaspace       used 55865K, committed 56640K, reserved 1105920K
  class space    used 6073K, committed 6464K, reserved 1048576K
}
Event: 30.651 GC heap before
{Heap before GC invocations=29 (full 2):
 PSYoungGen      total 18432K, used 18064K [0x00000000eab00000, 0x00000000ec000000, 0x0000000100000000)
  eden space 17408K, 100% used [0x00000000eab00000,0x00000000ebc00000,0x00000000ebc00000)
  from space 1024K, 64% used [0x00000000ebf00000,0x00000000ebfa4010,0x00000000ec000000)
  to   space 1024K, 0% used [0x00000000ebe00000,0x00000000ebe00000,0x00000000ebf00000)
 ParOldGen       total 68608K, used 40125K [0x00000000c0000000, 0x00000000c4300000, 0x00000000eab00000)
  object space 68608K, 58% used [0x00000000c0000000,0x00000000c272f530,0x00000000c4300000)
 Metaspace       used 57348K, committed 58240K, reserved 1105920K
  class space    used 6278K, committed 6720K, reserved 1048576K
}
Event: 30.652 GC heap after
{Heap after GC invocations=29 (full 2):
 PSYoungGen      total 18432K, used 742K [0x00000000eab00000, 0x00000000ebf80000, 0x0000000100000000)
  eden space 17408K, 0% used [0x00000000eab00000,0x00000000eab00000,0x00000000ebc00000)
  from space 1024K, 72% used [0x00000000ebe00000,0x00000000ebeb9bd8,0x00000000ebf00000)
  to   space 512K, 0% used [0x00000000ebf00000,0x00000000ebf00000,0x00000000ebf80000)
 ParOldGen       total 68608K, used 40672K [0x00000000c0000000, 0x00000000c4300000, 0x00000000eab00000)
  object space 68608K, 59% used [0x00000000c0000000,0x00000000c27b8230,0x00000000c4300000)
 Metaspace       used 57348K, committed 58240K, reserved 1105920K
  class space    used 6278K, committed 6720K, reserved 1048576K
}
Event: 32.645 GC heap before
{Heap before GC invocations=30 (full 2):
 PSYoungGen      total 18432K, used 18150K [0x00000000eab00000, 0x00000000ebf80000, 0x0000000100000000)
  eden space 17408K, 100% used [0x00000000eab00000,0x00000000ebc00000,0x00000000ebc00000)
  from space 1024K, 72% used [0x00000000ebe00000,0x00000000ebeb9bd8,0x00000000ebf00000)
  to   space 512K, 0% used [0x00000000ebf00000,0x00000000ebf00000,0x00000000ebf80000)
 ParOldGen       total 68608K, used 40672K [0x00000000c0000000, 0x00000000c4300000, 0x00000000eab00000)
  object space 68608K, 59% used [0x00000000c0000000,0x00000000c27b8230,0x00000000c4300000)
 Metaspace       used 58337K, committed 59200K, reserved 1105920K
  class space    used 6394K, committed 6784K, reserved 1048576K
}
Event: 32.646 GC heap after
{Heap after GC invocations=30 (full 2):
 PSYoungGen      total 17920K, used 498K [0x00000000eab00000, 0x00000000ec100000, 0x0000000100000000)
  eden space 17408K, 0% used [0x00000000eab00000,0x00000000eab00000,0x00000000ebc00000)
  from space 512K, 97% used [0x00000000ebf00000,0x00000000ebf7cbc8,0x00000000ebf80000)
  to   space 2560K, 0% used [0x00000000ebc00000,0x00000000ebc00000,0x00000000ebe80000)
 ParOldGen       total 68608K, used 42076K [0x00000000c0000000, 0x00000000c4300000, 0x00000000eab00000)
  object space 68608K, 61% used [0x00000000c0000000,0x00000000c2917258,0x00000000c4300000)
 Metaspace       used 58337K, committed 59200K, reserved 1105920K
  class space    used 6394K, committed 6784K, reserved 1048576K
}
Event: 36.639 GC heap before
{Heap before GC invocations=31 (full 2):
 PSYoungGen      total 17920K, used 14766K [0x00000000eab00000, 0x00000000ec100000, 0x0000000100000000)
  eden space 17408K, 81% used [0x00000000eab00000,0x00000000eb8eef80,0x00000000ebc00000)
  from space 512K, 97% used [0x00000000ebf00000,0x00000000ebf7cbc8,0x00000000ebf80000)
  to   space 2560K, 0% used [0x00000000ebc00000,0x00000000ebc00000,0x00000000ebe80000)
 ParOldGen       total 68608K, used 42076K [0x00000000c0000000, 0x00000000c4300000, 0x00000000eab00000)
  object space 68608K, 61% used [0x00000000c0000000,0x00000000c2917258,0x00000000c4300000)
 Metaspace       used 58872K, committed 59776K, reserved 1105920K
  class space    used 6421K, committed 6848K, reserved 1048576K
}
Event: 36.641 GC heap after
{Heap after GC invocations=31 (full 2):
 PSYoungGen      total 19968K, used 2559K [0x00000000eab00000, 0x00000000ec500000, 0x0000000100000000)
  eden space 17408K, 0% used [0x00000000eab00000,0x00000000eab00000,0x00000000ebc00000)
  from space 2560K, 99% used [0x00000000ebc00000,0x00000000ebe7fd60,0x00000000ebe80000)
  to   space 4608K, 0% used [0x00000000ec080000,0x00000000ec080000,0x00000000ec500000)
 ParOldGen       total 68608K, used 43296K [0x00000000c0000000, 0x00000000c4300000, 0x00000000eab00000)
  object space 68608K, 63% used [0x00000000c0000000,0x00000000c2a48168,0x00000000c4300000)
 Metaspace       used 58872K, committed 59776K, reserved 1105920K
  class space    used 6421K, committed 6848K, reserved 1048576K
}
Event: 36.641 GC heap before
{Heap before GC invocations=32 (full 3):
 PSYoungGen      total 19968K, used 2559K [0x00000000eab00000, 0x00000000ec500000, 0x0000000100000000)
  eden space 17408K, 0% used [0x00000000eab00000,0x00000000eab00000,0x00000000ebc00000)
  from space 2560K, 99% used [0x00000000ebc00000,0x00000000ebe7fd60,0x00000000ebe80000)
  to   space 4608K, 0% used [0x00000000ec080000,0x00000000ec080000,0x00000000ec500000)
 ParOldGen       total 68608K, used 43296K [0x00000000c0000000, 0x00000000c4300000, 0x00000000eab00000)
  object space 68608K, 63% used [0x00000000c0000000,0x00000000c2a48168,0x00000000c4300000)
 Metaspace       used 58872K, committed 59776K, reserved 1105920K
  class space    used 6421K, committed 6848K, reserved 1048576K
}
Event: 36.724 GC heap after
{Heap after GC invocations=32 (full 3):
 PSYoungGen      total 19968K, used 0K [0x00000000eab00000, 0x00000000ec500000, 0x0000000100000000)
  eden space 17408K, 0% used [0x00000000eab00000,0x00000000eab00000,0x00000000ebc00000)
  from space 2560K, 0% used [0x00000000ebc00000,0x00000000ebc00000,0x00000000ebe80000)
  to   space 4608K, 0% used [0x00000000ec080000,0x00000000ec080000,0x00000000ec500000)
 ParOldGen       total 68608K, used 41118K [0x00000000c0000000, 0x00000000c4300000, 0x00000000eab00000)
  object space 68608K, 59% used [0x00000000c0000000,0x00000000c2827a68,0x00000000c4300000)
 Metaspace       used 58872K, committed 59776K, reserved 1105920K
  class space    used 6421K, committed 6848K, reserved 1048576K
}
Event: 36.918 GC heap before
{Heap before GC invocations=33 (full 3):
 PSYoungGen      total 19968K, used 17408K [0x00000000eab00000, 0x00000000ec500000, 0x0000000100000000)
  eden space 17408K, 100% used [0x00000000eab00000,0x00000000ebc00000,0x00000000ebc00000)
  from space 2560K, 0% used [0x00000000ebc00000,0x00000000ebc00000,0x00000000ebe80000)
  to   space 4608K, 0% used [0x00000000ec080000,0x00000000ec080000,0x00000000ec500000)
 ParOldGen       total 68608K, used 41118K [0x00000000c0000000, 0x00000000c4300000, 0x00000000eab00000)
  object space 68608K, 59% used [0x00000000c0000000,0x00000000c2827a68,0x00000000c4300000)
 Metaspace       used 59262K, committed 60160K, reserved 1105920K
  class space    used 6443K, committed 6848K, reserved 1048576K
}
Event: 36.920 GC heap after
{Heap after GC invocations=33 (full 3):
 PSYoungGen      total 18944K, used 1160K [0x00000000eab00000, 0x00000000ec200000, 0x0000000100000000)
  eden space 17408K, 0% used [0x00000000eab00000,0x00000000eab00000,0x00000000ebc00000)
  from space 1536K, 75% used [0x00000000ec080000,0x00000000ec1a2018,0x00000000ec200000)
  to   space 2560K, 0% used [0x00000000ebd00000,0x00000000ebd00000,0x00000000ebf80000)
 ParOldGen       total 68608K, used 41118K [0x00000000c0000000, 0x00000000c4300000, 0x00000000eab00000)
  object space 68608K, 59% used [0x00000000c0000000,0x00000000c2827a68,0x00000000c4300000)
 Metaspace       used 59262K, committed 60160K, reserved 1105920K
  class space    used 6443K, committed 6848K, reserved 1048576K
}

